<?xml version="1.0" encoding="UTF-8"?>
<!-- Generated by org.testng.reporters.JUnitReportReporter -->
<testsuite hostname="pc" name="com.loginpages.logintest" tests="1" failures="0" timestamp="14 Oct 2019 16:04:18 GMT" time="40.452" errors="0">
  <testcase name="login" time="40.452" classname="com.loginpages.logintest"/>
</testsuite> <!-- com.loginpages.logintest -->
